build/outputs/mapping/release/seeds.txt
com.ifihada.teechecker.CheckerActivity
com.ifihada.teechecker.CheckerActivity: CheckerActivity()
com.ifihada.teechecker.MobiCore
com.ifihada.teechecker.MobiCore: java.lang.String native_getVersion()
com.ifihada.teechecker.R$anim: int abc_fade_in
com.ifihada.teechecker.R$anim: int abc_fade_out
com.ifihada.teechecker.R$anim: int abc_slide_in_bottom
com.ifihada.teechecker.R$anim: int abc_slide_in_top
com.ifihada.teechecker.R$anim: int abc_slide_out_bottom
com.ifihada.teechecker.R$anim: int abc_slide_out_top
com.ifihada.teechecker.R$attr: int actionBarDivider
com.ifihada.teechecker.R$attr: int actionBarItemBackground
com.ifihada.teechecker.R$attr: int actionBarSize
com.ifihada.teechecker.R$attr: int actionBarSplitStyle
com.ifihada.teechecker.R$attr: int actionBarStyle
com.ifihada.teechecker.R$attr: int actionBarTabBarStyle
com.ifihada.teechecker.R$attr: int actionBarTabStyle
com.ifihada.teechecker.R$attr: int actionBarTabTextStyle
com.ifihada.teechecker.R$attr: int actionBarWidgetTheme
com.ifihada.teechecker.R$attr: int actionButtonStyle
com.ifihada.teechecker.R$attr: int actionDropDownStyle
com.ifihada.teechecker.R$attr: int actionLayout
com.ifihada.teechecker.R$attr: int actionMenuTextAppearance
com.ifihada.teechecker.R$attr: int actionMenuTextColor
com.ifihada.teechecker.R$attr: int actionModeBackground
com.ifihada.teechecker.R$attr: int actionModeCloseButtonStyle
com.ifihada.teechecker.R$attr: int actionModeCloseDrawable
com.ifihada.teechecker.R$attr: int actionModeCopyDrawable
com.ifihada.teechecker.R$attr: int actionModeCutDrawable
com.ifihada.teechecker.R$attr: int actionModeFindDrawable
com.ifihada.teechecker.R$attr: int actionModePasteDrawable
com.ifihada.teechecker.R$attr: int actionModePopupWindowStyle
com.ifihada.teechecker.R$attr: int actionModeSelectAllDrawable
com.ifihada.teechecker.R$attr: int actionModeShareDrawable
com.ifihada.teechecker.R$attr: int actionModeSplitBackground
com.ifihada.teechecker.R$attr: int actionModeStyle
com.ifihada.teechecker.R$bool: int abc_action_bar_embed_tabs_pre_jb
com.ifihada.teechecker.R$bool: int abc_action_bar_expanded_action_views_exclusive
com.ifihada.teechecker.R$bool: int abc_config_actionMenuItemAllCaps
com.ifihada.teechecker.R$bool: int abc_config_allowActionMenuItemTextWithIcon
com.ifihada.teechecker.R$bool: int abc_config_showMenuShortcutsWhenKeyboardPresent
com.ifihada.teechecker.R$bool: int abc_split_action_bar_is_narrow
com.ifihada.teechecker.R$color: int abc_search_url_text_holo
com.ifihada.teechecker.R$color: int abc_search_url_text_normal
com.ifihada.teechecker.R$color: int abc_search_url_text_pressed
com.ifihada.teechecker.R$color: int abc_search_url_text_selected
com.ifihada.teechecker.R$dimen: int abc_action_bar_default_height
com.ifihada.teechecker.R$dimen: int abc_action_bar_icon_vertical_padding
com.ifihada.teechecker.R$dimen: int abc_action_bar_progress_bar_size
com.ifihada.teechecker.R$dimen: int abc_action_bar_stacked_max_height
com.ifihada.teechecker.R$dimen: int abc_action_bar_stacked_tab_max_width
com.ifihada.teechecker.R$dimen: int abc_action_bar_subtitle_bottom_margin
com.ifihada.teechecker.R$dimen: int abc_action_bar_subtitle_text_size
com.ifihada.teechecker.R$dimen: int abc_action_bar_subtitle_top_margin
com.ifihada.teechecker.R$dimen: int abc_action_bar_title_text_size
com.ifihada.teechecker.R$dimen: int abc_action_button_min_width
com.ifihada.teechecker.R$dimen: int abc_config_prefDialogWidth
com.ifihada.teechecker.R$dimen: int abc_dropdownitem_icon_width
com.ifihada.teechecker.R$dimen: int abc_dropdownitem_text_padding_left
com.ifihada.teechecker.R$dimen: int abc_dropdownitem_text_padding_right
com.ifihada.teechecker.R$dimen: int abc_panel_menu_list_width
com.ifihada.teechecker.R$dimen: int abc_search_view_preferred_width
com.ifihada.teechecker.R$dimen: int abc_search_view_text_min_width
com.ifihada.teechecker.R$dimen: int activity_horizontal_margin
com.ifihada.teechecker.R$dimen: int activity_vertical_margin
...
android.support.v4.app.FragmentTabHost$SavedState: android.os.Parcelable$Creator CREATOR
android.support.v4.content.ModernAsyncTask$Status: android.support.v4.content.ModernAsyncTask$Status[] values()
android.support.v4.content.ModernAsyncTask$Status: android.support.v4.content.ModernAsyncTask$Status valueOf(java.lang.String)
android.support.v4.view.PagerTabStrip: void setTabIndicatorColor(int)
android.support.v4.view.PagerTabStrip: void setTabIndicatorColorResource(int)
android.support.v4.view.PagerTabStrip: int getTabIndicatorColor()
android.support.v4.view.PagerTabStrip: void setTextSpacing(int)
android.support.v4.view.PagerTabStrip: void setBackgroundDrawable(android.graphics.drawable.Drawable)
android.support.v4.view.PagerTabStrip: void setBackgroundColor(int)
android.support.v4.view.PagerTabStrip: void setBackgroundResource(int)
android.support.v4.view.PagerTabStrip: void setDrawFullUnderline(boolean)
android.support.v4.view.PagerTabStrip: boolean getDrawFullUnderline()
android.support.v4.view.PagerTabStrip: int getMinHeight()
android.support.v4.view.PagerTitleStrip: void setSingleLineAllCaps(android.widget.TextView)
android.support.v4.view.PagerTitleStrip: void setTextSpacing(int)
android.support.v4.view.PagerTitleStrip: int getTextSpacing()
android.support.v4.view.PagerTitleStrip: void setNonPrimaryAlpha(float)
android.support.v4.view.PagerTitleStrip: void setTextColor(int)
android.support.v4.view.PagerTitleStrip: void setGravity(int)
android.support.v4.view.PagerTitleStrip: int getMinHeight()
android.support.v4.view.ViewPager
android.support.v4.view.ViewPager: ViewPager(android.content.Context)
android.support.v4.view.ViewPager: ViewPager(android.content.Context,android.util.AttributeSet)
android.support.v4.view.ViewPager: void setScrollState(int)
android.support.v4.view.ViewPager: void setAdapter(android.support.v4.view.PagerAdapter)
android.support.v4.view.ViewPager: android.support.v4.view.PagerAdapter getAdapter()
android.support.v4.view.ViewPager: void setOnAdapterChangeListener(android.support.v4.view.ViewPager$OnAdapterChangeListener)
android.support.v4.view.ViewPager: int getClientWidth()
android.support.v4.view.ViewPager: void setCurrentItem(int)
android.support.v4.view.ViewPager: int getCurrentItem()
android.support.v4.view.ViewPager: void setOnPageChangeListener(android.support.v4.view.ViewPager$OnPageChangeListener)
android.support.v4.view.ViewPager: void setChildrenDrawingOrderEnabledCompat(boolean)
android.support.v4.view.ViewPager: int getOffscreenPageLimit()
android.support.v4.view.ViewPager: void setOffscreenPageLimit(int)
android.support.v4.view.ViewPager: void setPageMargin(int)
android.support.v4.view.ViewPager: int getPageMargin()
android.support.v4.view.ViewPager: void setPageMarginDrawable(android.graphics.drawable.Drawable)
android.support.v4.view.ViewPager: void setPageMarginDrawable(int)
android.support.v4.view.ViewPager: void setScrollingCacheEnabled(boolean)
android.support.v4.view.ViewPager$SavedState: android.os.Parcelable$Creator CREATOR
android.support.v4.widget.DrawerLayout: void setScrimColor(int)
android.support.v4.widget.DrawerLayout: void setDrawerListener(android.support.v4.widget.DrawerLayout$DrawerListener)
android.support.v4.widget.DrawerLayout: void setDrawerLockMode(int)
android.support.v4.widget.DrawerLayout$SavedState: android.os.Parcelable$Creator CREATOR