build/outputs/mapping/release/mapping.txt
com.ifihada.teechecker.CheckerActivity -> com.ifihada.teechecker.CheckerActivity:
    com.ifihada.teechecker.CheckerActivity$SectionsPagerAdapter mSectionsPagerAdapter -> a
    android.support.v4.view.ViewPager mViewPager -> b
    void <init>() -> <init>
    void onCreate(android.os.Bundle) -> onCreate
    void onTabSelected(android.app.ActionBar$Tab,android.app.FragmentTransaction) -> onTabSelected
    void onTabUnselected(android.app.ActionBar$Tab,android.app.FragmentTransaction) -> onTabUnselected
    void onTabReselected(android.app.ActionBar$Tab,android.app.FragmentTransaction) -> onTabReselected
    boolean onCreateOptionsMenu(android.view.Menu) -> onCreateOptionsMenu
    boolean onOptionsItemSelected(android.view.MenuItem) -> onOptionsItemSelected
com.ifihada.teechecker.CheckerActivity$1 -> com.ifihada.teechecker.CheckerActivity$1:
    android.app.ActionBar val$actionBar -> a
    com.ifihada.teechecker.CheckerActivity this$0 -> b
    void <init>(com.ifihada.teechecker.CheckerActivity,android.app.ActionBar) -> <init>
    void onPageSelected(int) -> a
com.ifihada.teechecker.CheckerActivity$SectionsPagerAdapter -> com.ifihada.teechecker.CheckerActivity$a:
    com.ifihada.teechecker.CheckerActivity this$0 -> a
    void <init>(com.ifihada.teechecker.CheckerActivity,android.app.FragmentManager) -> <init>
    android.app.Fragment getItem(int) -> a
    int getCount() -> b
    java.lang.CharSequence getPageTitle(int) -> c
com.ifihada.teechecker.CheckerFragment -> com.ifihada.teechecker.a:
    void <init>() -> <init>
    void result(java.lang.String,boolean,java.lang.String) -> a
    void result(java.lang.String,java.lang.String) -> a
    void notAvailable(java.lang.String) -> a
com.ifihada.teechecker.CheckerResults -> com.ifihada.teechecker.b:
    java.util.Map results -> a
    java.lang.String BASE_URL -> b
    java.util.Map submitMapping -> c
    void registerResult(java.lang.String,java.lang.String) -> a
    void registerResult(java.lang.String,boolean) -> a
    java.lang.String encodeResults() -> a
    android.net.Uri buildUri() -> b
    void send(android.content.Context) -> a
    void <clinit>() -> <clinit>
com.ifihada.teechecker.MobiCore -> com.ifihada.teechecker.MobiCore:
    java.lang.String getVersion() -> a
    java.lang.String native_getVersion() -> native_getVersion
com.ifihada.teechecker.MobicoreSectionFragment -> com.ifihada.teechecker.c:
    void <init>() -> <init>
    void onCreate(android.os.Bundle) -> onCreate
    void fill() -> a
    java.lang.String detectMobicore() -> b
    java.lang.String checkMobicoreAvailable() -> c
    java.lang.String findClientLib() -> d
    java.lang.String getVersionInfo() -> e
com.ifihada.teechecker.PlatformSectionFragment -> com.ifihada.teechecker.d:
    java.lang.String[] knownKeyTypes -> a
    void <init>() -> <init>
    void onCreate(android.os.Bundle) -> onCreate
    void fill() -> a
    android.security.IKeystoreService getKeystore() -> b
    java.lang.String join(java.util.List) -> a
    java.lang.String getHardwareTypes() -> c
    java.lang.String getUsableTypes() -> d
    boolean hasKeystoreApi() -> e
    boolean isKeyTypeHardwareBacked(java.lang.String) -> b
    boolean hasKeystoreHardware() -> f
    void <clinit>() -> <clinit>
com.ifihada.teechecker.QSeeSectionFragment -> com.ifihada.teechecker.e:
    void <init>() -> <init>
    void onCreate(android.os.Bundle) -> onCreate
    void fill() -> a
    boolean checkQSEEAvailable() -> b
    java.lang.String detectQSEE() -> c
com.ifihada.teechecker.TFSectionFragment -> com.ifihada.teechecker.f:
    void <init>() -> <init>
    void onCreate(android.os.Bundle) -> onCreate
    void fill() -> a
    java.lang.String checkTFAvailable() -> b
    java.lang.String detectTF() -> c
    java.lang.String checkSSTAvailable() -> d
...
android.support.v7.internal.widget.SpinnerICS$DropdownPopup$1 -> android.support.v7.internal.widget.g$c$1:
    android.support.v7.internal.widget.SpinnerICS val$this$0 -> a
    android.support.v7.internal.widget.SpinnerICS$DropdownPopup this$1 -> b
    void <init>(android.support.v7.internal.widget.SpinnerICS$DropdownPopup,android.support.v7.internal.widget.SpinnerICS) -> <init>
    void onItemClick(android.support.v7.internal.widget.AdapterViewICS,android.view.View,int,long) -> a
android.support.v7.internal.widget.SpinnerICS$SpinnerPopup -> android.support.v7.internal.widget.g$d:
    void setAdapter(android.widget.ListAdapter) -> a
    void show() -> c
    void dismiss() -> d
    boolean isShowing() -> f
    void setPromptText(java.lang.CharSequence) -> a
android.support.v7.view.CollapsibleActionView -> android.support.v7.c.a:
    void onActionViewExpanded() -> a
    void onActionViewCollapsed() -> b
android.support.v7.widget.SearchView -> android.support.v7.widget.SearchView:
    android.support.v7.widget.SearchView$OnQueryTextListener mOnQueryChangeListener -> b
    android.support.v7.widget.SearchView$OnCloseListener mOnCloseListener -> c
    android.view.View$OnFocusChangeListener mOnQueryTextFocusChangeListener -> d
    android.support.v7.widget.SearchView$OnSuggestionListener mOnSuggestionListener -> e
    android.view.View$OnClickListener mOnSearchClickListener -> f
    boolean mIconifiedByDefault -> g
    boolean mIconified -> h
    android.support.v4.widget.CursorAdapter mSuggestionsAdapter -> i
    android.view.View mSearchButton -> j
    android.view.View mSubmitButton -> k
    android.view.View mSubmitArea -> l
    android.widget.ImageView mCloseButton -> m
    android.view.View mSearchEditFrame -> n
    android.view.View mVoiceButton -> o
    android.support.v7.widget.SearchView$SearchAutoComplete mQueryTextView -> p
    android.widget.ImageView mSearchHintIcon -> q
    boolean mSubmitButtonEnabled -> r
    java.lang.CharSequence mQueryHint -> s
    boolean mQueryRefinement -> t
    boolean mClearingFocus -> u
    int mMaxWidth -> v
    boolean mVoiceButtonEnabled -> w
    boolean mExpandedInActionView -> x
    int mCollapsedImeOptions -> y
    android.app.SearchableInfo mSearchable -> z
    android.os.Bundle mAppSearchData -> A
    android.support.v7.widget.SearchView$AutoCompleteTextViewReflector HIDDEN_METHOD_INVOKER -> a
android.support.v7.widget.SearchView$AutoCompleteTextViewReflector -> android.support.v7.widget.SearchView$a:
    java.lang.reflect.Method doBeforeTextChanged -> a
    java.lang.reflect.Method doAfterTextChanged -> b
    java.lang.reflect.Method ensureImeVisible -> c
    java.lang.reflect.Method showSoftInputUnchecked -> d
    void <init>() -> <init>
    void doBeforeTextChanged(android.widget.AutoCompleteTextView) -> a
    void doAfterTextChanged(android.widget.AutoCompleteTextView) -> b
    void ensureImeVisible(android.widget.AutoCompleteTextView,boolean) -> a
android.support.v7.widget.SearchView$OnCloseListener -> android.support.v7.widget.SearchView$b:
    boolean onClose() -> a
android.support.v7.widget.SearchView$OnQueryTextListener -> android.support.v7.widget.SearchView$c:
android.support.v7.widget.SearchView$OnSuggestionListener -> android.support.v7.widget.SearchView$d: