build/outputs/mapping/release/usage.txt
com.ifihada.teechecker.BuildConfig
com.ifihada.teechecker.CheckerActivity$DummySectionFragment
com.ifihada.teechecker.CheckerResults:
    14:14:public CheckerResults()
com.ifihada.teechecker.MobiCore:
    3:3:public MobiCore()
com.ifihada.teechecker.MobicoreSectionFragment:
    private static final java.lang.String TAG
com.ifihada.teechecker.PlatformSectionFragment:
    private static final java.lang.String TAG
    private static final int NO_ERROR
com.ifihada.teechecker.QSeeSectionFragment:
    private static final java.lang.String TAG
com.ifihada.teechecker.R
com.ifihada.teechecker.R$anim
com.ifihada.teechecker.R$attr
com.ifihada.teechecker.R$bool
com.ifihada.teechecker.R$color
com.ifihada.teechecker.R$dimen
com.ifihada.teechecker.R$drawable
com.ifihada.teechecker.R$id
com.ifihada.teechecker.R$integer
com.ifihada.teechecker.R$layout
com.ifihada.teechecker.R$menu
com.ifihada.teechecker.R$string
com.ifihada.teechecker.R$style
com.ifihada.teechecker.R$styleable
com.ifihada.teechecker.R$xml
com.ifihada.teechecker.TFSectionFragment:
    private static final java.lang.String TAG
com.ifihada.teechecker.TLKSectionFragment:
    private static final java.lang.String TAG
    48:61:private boolean fileProbablyExists(java.io.File)
...
android.support.v4.app.FragmentTabHost$DummyTabFactory
android.support.v4.app.FragmentTabHost$SavedState
android.support.v4.app.FragmentTabHost$SavedState$1
android.support.v4.app.FragmentTabHost$TabInfo
android.support.v4.app.FragmentTransaction
android.support.v4.app.ListFragment
android.support.v4.app.ListFragment$1
android.support.v4.app.ListFragment$2
android.support.v4.app.LoaderManager
android.support.v4.app.LoaderManager$LoaderCallbacks
android.support.v4.app.LoaderManagerImpl
android.support.v4.app.LoaderManagerImpl$LoaderInfo
android.support.v4.app.NavUtils
android.support.v4.app.NavUtils$NavUtilsImpl
android.support.v4.app.NavUtils$NavUtilsImplBase
android.support.v4.app.NavUtils$NavUtilsImplJB
android.support.v4.app.NavUtilsJB
android.support.v4.app.NoSaveStateFrameLayout
android.support.v4.app.NotificationCompat
android.support.v4.app.NotificationCompat$Action
android.support.v4.app.NotificationCompat$BigPictureStyle
android.support.v4.app.NotificationCompat$BigTextStyle
android.support.v4.app.NotificationCompat$Builder
android.support.v4.app.NotificationCompat$InboxStyle
android.support.v4.app.NotificationCompat$NotificationCompatImpl
android.support.v4.app.NotificationCompat$NotificationCompatImplBase
android.support.v4.app.NotificationCompat$NotificationCompatImplHoneycomb
android.support.v4.app.NotificationCompat$NotificationCompatImplIceCreamSandwich
android.support.v4.app.NotificationCompat$NotificationCompatImplJellybean
android.support.v4.app.NotificationCompat$Style
android.support.v4.app.NotificationCompatHoneycomb
android.support.v4.app.NotificationCompatIceCreamSandwich
android.support.v4.app.NotificationCompatJellybean
android.support.v4.app.ServiceCompat
android.support.v4.app.ShareCompat
android.support.v4.app.ShareCompat$IntentBuilder
android.support.v4.app.ShareCompat$IntentReader
android.support.v4.app.ShareCompat$ShareCompatImpl
android.support.v4.app.ShareCompat$ShareCompatImplBase
android.support.v4.app.ShareCompat$ShareCompatImplICS
android.support.v4.app.ShareCompat$ShareCompatImplJB
android.support.v4.app.ShareCompatICS
android.support.v4.app.ShareCompatJB
android.support.v4.app.SuperNotCalledException
android.support.v4.app.TaskStackBuilder
android.support.v4.app.TaskStackBuilder$SupportParentable
android.support.v4.app.TaskStackBuilder$TaskStackBuilderImpl
android.support.v4.app.TaskStackBuilder$TaskStackBuilderImplBase
android.support.v4.app.TaskStackBuilder$TaskStackBuilderImplHoneycomb
android.support.v4.app.TaskStackBuilder$TaskStackBuilderImplJellybean
android.support.v4.app.TaskStackBuilderHoneycomb
android.support.v4.app.TaskStackBuilderJellybean
android.support.v4.content.AsyncTaskLoader
android.support.v4.content.AsyncTaskLoader$LoadTask
android.support.v4.content.ContextCompat
android.support.v4.content.ContextCompatFroyo
android.support.v4.content.ContextCompatHoneycomb
android.support.v4.content.ContextCompatJellybean
android.support.v4.content.ContextCompatKitKat
android.support.v4.content.CursorLoader
android.support.v4.content.FileProvider
android.support.v4.content.FileProvider$PathStrategy
android.support.v4.content.FileProvider$SimplePathStrategy
android.support.v4.content.IntentCompat
android.support.v4.content.IntentCompat$IntentCompatImpl
android.support.v4.content.IntentCompat$IntentCompatImplBase
android.support.v4.content.IntentCompat$IntentCompatImplHC
android.support.v4.content.IntentCompat$IntentCompatImplIcsMr1
android.support.v4.content.IntentCompatHoneycomb
android.support.v4.content.IntentCompatIcsMr1
android.support.v4.content.Loader
android.support.v4.content.Loader$ForceLoadContentObserver
android.support.v4.content.Loader$OnLoadCompleteListener
android.support.v4.content.LocalBroadcastManager
android.support.v4.content.LocalBroadcastManager$1
android.support.v4.content.LocalBroadcastManager$BroadcastRecord
android.support.v4.content.LocalBroadcastManager$ReceiverRecord
android.support.v4.content.ModernAsyncTask